c:\users\mingyu\source\repos\project2\project2\x64\release\vc143.pdb
c:\users\mingyu\source\repos\project2\project2\x64\release\depth2pc.obj
c:\users\mingyu\source\repos\project2\x64\release\depthengine_2_0.dll
c:\users\mingyu\source\repos\project2\x64\release\k4a.dll
c:\users\mingyu\source\repos\project2\x64\release\k4arecord.dll
c:\users\mingyu\source\repos\project2\x64\release\k4a.pdb
c:\users\mingyu\source\repos\project2\x64\release\k4arecord.pdb
c:\users\mingyu\source\repos\project2\x64\release\directml.dll
c:\users\mingyu\source\repos\project2\x64\release\onnxruntime.dll
c:\users\mingyu\source\repos\project2\x64\release\onnxruntime_providers_cuda.dll
c:\users\mingyu\source\repos\project2\x64\release\onnxruntime_providers_shared.dll
c:\users\mingyu\source\repos\project2\x64\release\onnxruntime_providers_tensorrt.dll
c:\users\mingyu\source\repos\project2\x64\release\k4abt.dll
c:\users\mingyu\source\repos\project2\x64\release\cublas64_100.dll
c:\users\mingyu\source\repos\project2\x64\release\cudart64_100.dll
c:\users\mingyu\source\repos\project2\x64\release\vcomp140.dll
c:\users\mingyu\source\repos\project2\x64\release\cudnn64_7.dll
c:\users\mingyu\source\repos\project2\x64\release\project2.exe
c:\users\mingyu\source\repos\project2\project2\x64\release\project2.ipdb
c:\users\mingyu\source\repos\project2\x64\release\project2.pdb
c:\users\mingyu\source\repos\project2\project2\x64\release\project2.iobj
c:\users\mingyu\source\repos\project2\project2\x64\release\project2.tlog\cl.command.1.tlog
c:\users\mingyu\source\repos\project2\project2\x64\release\project2.tlog\cl.read.1.tlog
c:\users\mingyu\source\repos\project2\project2\x64\release\project2.tlog\cl.write.1.tlog
c:\users\mingyu\source\repos\project2\project2\x64\release\project2.tlog\copylocal.read.1u.tlog
c:\users\mingyu\source\repos\project2\project2\x64\release\project2.tlog\copylocal.write.1u.tlog
c:\users\mingyu\source\repos\project2\project2\x64\release\project2.tlog\link.command.1.tlog
c:\users\mingyu\source\repos\project2\project2\x64\release\project2.tlog\link.read.1.tlog
c:\users\mingyu\source\repos\project2\project2\x64\release\project2.tlog\link.write.1.tlog
