  visualization1104.cpp
C:\lib\install\opencv\include\opencv2\core.hpp(1747,1): warning C4819: 현재 코드 페이지(949)에서 표시할 수 없는 문자가 파일에 들어 있습니다. 데이터가 손실되지 않게 하려면 해당 파일을 유니코드 형식으로 저장하십시오.
C:\lib\install\opencv\include\opencv2\core.hpp(1747,1): warning C4819: 현재 코드 페이지(949)에서 표시할 수 없는 문자가 파일에 들어 있습니다. 데이터가 손실되지 않게 하려면 해당 파일을 유니코드 형식으로 저장하십시오.
C:\lib\install\opencv\include\opencv2\core.hpp(1747,1): warning C4819: 현재 코드 페이지(949)에서 표시할 수 없는 문자가 파일에 들어 있습니다. 데이터가 손실되지 않게 하려면 해당 파일을 유니코드 형식으로 저장하십시오.
C:\lib\install\opencv\include\opencv2\objdetect\aruco_board.hpp(1,1): warning C4819: 현재 코드 페이지(949)에서 표시할 수 없는 문자가 파일에 들어 있습니다. 데이터가 손실되지 않게 하려면 해당 파일을 유니코드 형식으로 저장하십시오.
C:\Users\mingyu\source\repos\Project2\Project2\visualization1104.cpp(8,27): warning C4305: '초기화 중': 'double'에서 'float'(으)로 잘립니다.
C:\Users\mingyu\source\repos\Project2\Project2\visualization1104.cpp(15,16): warning C4244: '=': '_Ty'에서 'float'(으)로 변환하면서 데이터가 손실될 수 있습니다.
          with
          [
              _Ty=double
          ]
C:\Users\mingyu\source\repos\Project2\Project2\visualization1104.cpp(16,16): warning C4244: '=': '_Ty'에서 'float'(으)로 변환하면서 데이터가 손실될 수 있습니다.
          with
          [
              _Ty=double
          ]
C:\Users\mingyu\source\repos\Project2\Project2\visualization1104.cpp(17,16): warning C4244: '=': '_Ty'에서 'float'(으)로 변환하면서 데이터가 손실될 수 있습니다.
          with
          [
              _Ty=double
          ]
C:\Users\mingyu\source\repos\Project2\Project2\visualization1104.cpp(27,14): warning C4244: '*=': 'double'에서 'float'(으)로 변환하면서 데이터가 손실될 수 있습니다.
C:\Users\mingyu\source\repos\Project2\Project2\visualization1104.cpp(28,14): warning C4244: '*=': 'double'에서 'float'(으)로 변환하면서 데이터가 손실될 수 있습니다.
C:\Users\mingyu\source\repos\Project2\Project2\visualization1104.cpp(29,14): warning C4244: '*=': 'double'에서 'float'(으)로 변환하면서 데이터가 손실될 수 있습니다.
C:\Users\mingyu\source\repos\Project2\Project2\visualization1104.cpp(37,18): warning C4244: '/=': 'double'에서 'float'(으)로 변환하면서 데이터가 손실될 수 있습니다.
C:\Users\mingyu\source\repos\Project2\Project2\visualization1104.cpp(38,18): warning C4244: '/=': 'double'에서 'float'(으)로 변환하면서 데이터가 손실될 수 있습니다.
C:\Users\mingyu\source\repos\Project2\Project2\visualization1104.cpp(39,18): warning C4244: '/=': 'double'에서 'float'(으)로 변환하면서 데이터가 손실될 수 있습니다.
C:\Users\mingyu\source\repos\Project2\Project2\visualization1104.cpp(60,40): warning C4244: '인수': 'double'에서 'float'(으)로 변환하면서 데이터가 손실될 수 있습니다.
C:\Users\mingyu\source\repos\Project2\Project2\visualization1104.cpp(60,33): warning C4244: '인수': 'double'에서 'float'(으)로 변환하면서 데이터가 손실될 수 있습니다.
C:\Users\mingyu\source\repos\Project2\Project2\visualization1104.cpp(60,26): warning C4244: '인수': 'double'에서 'float'(으)로 변환하면서 데이터가 손실될 수 있습니다.
C:\Users\mingyu\source\repos\Project2\Project2\visualization1104.cpp(87,15): warning C4244: '초기화 중': 'double'에서 'float'(으)로 변환하면서 데이터가 손실될 수 있습니다.
C:\Users\mingyu\source\repos\Project2\Project2\visualization1104.cpp(99,84): warning C4244: '인수': '_Tp'에서 'float'(으)로 변환하면서 데이터가 손실될 수 있습니다.
          with
          [
              _Tp=double
          ]
C:\Users\mingyu\source\repos\Project2\Project2\visualization1104.cpp(99,60): warning C4244: '인수': '_Tp'에서 'float'(으)로 변환하면서 데이터가 손실될 수 있습니다.
          with
          [
              _Tp=double
          ]
C:\Users\mingyu\source\repos\Project2\Project2\visualization1104.cpp(99,36): warning C4244: '인수': '_Tp'에서 'float'(으)로 변환하면서 데이터가 손실될 수 있습니다.
          with
          [
              _Tp=double
          ]
C:\Users\mingyu\source\repos\Project2\Project2\visualization1104.cpp(101,15): warning C4244: '초기화 중': 'double'에서 'float'(으)로 변환하면서 데이터가 손실될 수 있습니다.
C:\Users\mingyu\source\repos\Project2\Project2\visualization1104.cpp(123,92): warning C4244: '인수': '_Tp'에서 'float'(으)로 변환하면서 데이터가 손실될 수 있습니다.
          with
          [
              _Tp=double
          ]
C:\Users\mingyu\source\repos\Project2\Project2\visualization1104.cpp(123,68): warning C4244: '인수': '_Tp'에서 'float'(으)로 변환하면서 데이터가 손실될 수 있습니다.
          with
          [
              _Tp=double
          ]
C:\Users\mingyu\source\repos\Project2\Project2\visualization1104.cpp(123,44): warning C4244: '인수': '_Tp'에서 'float'(으)로 변환하면서 데이터가 손실될 수 있습니다.
          with
          [
              _Tp=double
          ]
C:\Users\mingyu\source\repos\Project2\Project2\visualization1104.cpp(135,45): warning C4244: '=': 'double'에서 'float'(으)로 변환하면서 데이터가 손실될 수 있습니다.
C:\Users\mingyu\source\repos\Project2\Project2\visualization1104.cpp(136,45): warning C4244: '=': 'double'에서 'float'(으)로 변환하면서 데이터가 손실될 수 있습니다.
C:\Users\mingyu\source\repos\Project2\Project2\visualization1104.cpp(137,34): warning C4244: '=': 'double'에서 'float'(으)로 변환하면서 데이터가 손실될 수 있습니다.
C:\Users\mingyu\source\repos\Project2\Project2\visualization1104.cpp(222,85): warning C4305: '초기화 중': 'double'에서 '_Tp'(으)로 잘립니다.
          with
          [
              _Tp=float
          ]
C:\Users\mingyu\source\repos\Project2\Project2\visualization1104.cpp(235,83): warning C4244: '인수': '_Ty'에서 'float'(으)로 변환하면서 데이터가 손실될 수 있습니다.
          with
          [
              _Ty=double
          ]
C:\Users\mingyu\source\repos\Project2\Project2\visualization1104.cpp(237,84): warning C4244: '인수': '_Ty'에서 'float'(으)로 변환하면서 데이터가 손실될 수 있습니다.
          with
          [
              _Ty=double
          ]
C:\Users\mingyu\source\repos\Project2\Project2\visualization1104.cpp(247,86): warning C4244: '인수': '_Ty'에서 'float'(으)로 변환하면서 데이터가 손실될 수 있습니다.
          with
          [
              _Ty=double
          ]
C:\Users\mingyu\source\repos\Project2\Project2\visualization1104.cpp(249,87): warning C4244: '인수': '_Ty'에서 'float'(으)로 변환하면서 데이터가 손실될 수 있습니다.
          with
          [
              _Ty=double
          ]
C:\Users\mingyu\source\repos\Project2\Project2\visualization1104.cpp(259,94): warning C4244: '인수': '_Ty'에서 'float'(으)로 변환하면서 데이터가 손실될 수 있습니다.
          with
          [
              _Ty=double
          ]
C:\Users\mingyu\source\repos\Project2\Project2\visualization1104.cpp(261,95): warning C4244: '인수': '_Ty'에서 'float'(으)로 변환하면서 데이터가 손실될 수 있습니다.
          with
          [
              _Ty=double
          ]
C:\Users\mingyu\source\repos\Project2\Project2\visualization1104.cpp(280,40): warning C4267: '초기화 중': 'size_t'에서 'int'(으)로 변환하면서 데이터가 손실될 수 있습니다.
C:\Users\mingyu\source\repos\Project2\Project2\visualization1104.cpp(337,25): warning C4244: '=': 'double'에서 'float'(으)로 변환하면서 데이터가 손실될 수 있습니다.
C:\Users\mingyu\source\repos\Project2\Project2\visualization1104.cpp(342,25): warning C4244: '=': 'double'에서 'float'(으)로 변환하면서 데이터가 손실될 수 있습니다.
C:\Users\mingyu\source\repos\Project2\Project2\visualization1104.cpp(347,25): warning C4244: '=': 'double'에서 'float'(으)로 변환하면서 데이터가 손실될 수 있습니다.
C:\Users\mingyu\source\repos\Project2\Project2\visualization1104.cpp(367,23): warning C4267: '초기화 중': 'size_t'에서 'int'(으)로 변환하면서 데이터가 손실될 수 있습니다.
C:\Users\mingyu\source\repos\Project2\Project2\visualization1104.cpp(371,19): warning C4244: '초기화 중': 'double'에서 'float'(으)로 변환하면서 데이터가 손실될 수 있습니다.
C:\Users\mingyu\source\repos\Project2\Project2\visualization1104.cpp(379,15): warning C4244: '초기화 중': 'double'에서 'float'(으)로 변환하면서 데이터가 손실될 수 있습니다.
  코드를 생성하고 있습니다.
  1 of 642 functions ( 0.2%) were compiled, the rest were copied from previous compilation.
    0 functions were new in current compilation
    0 functions had inline decision re-evaluated but remain unchanged
  코드를 생성했습니다.
  Project2.vcxproj -> C:\Users\mingyu\source\repos\Project2\x64\Release\Project2.exe
